<?xml version="1.0" encoding="UTF-8"?>
<!-- Generated by org.testng.reporters.JUnitReportReporter -->
<testsuite hostname="DESKTOP-BJ7HU2O" failures="0" tests="1" name="com.Actitime.testscripts.CustomerTest" time="9.425" errors="0" timestamp="2024-09-19T16:45:38 IST" skipped="0">
  <testcase classname="com.Actitime.testscripts.CustomerTest" name="createTest" time="9.425">
    <system-out>
      <![CDATA[create customer]]>
    </system-out>
  </testcase> <!-- createTest -->
  <system-out>
    <![CDATA[create customer]]>
  </system-out>
</testsuite> <!-- com.Actitime.testscripts.CustomerTest -->
